{
  "RSpec": {
    "coverage": {
      "C:/Users/Taylor/Documents/Ruby/TREC-System/app/helpers/accounts_helper.rb": [
        1,
        null
      ],
      "C:/Users/Taylor/Documents/Ruby/TREC-System/app/helpers/administrators_helper.rb": [
        1,
        null
      ],
      "C:/Users/Taylor/Documents/Ruby/TREC-System/app/helpers/application_helper.rb": [
        1,
        null
      ],
      "C:/Users/Taylor/Documents/Ruby/TREC-System/app/helpers/conferences_helper.rb": [
        1,
        null
      ],
      "C:/Users/Taylor/Documents/Ruby/TREC-System/app/helpers/participants_helper.rb": [
        1,
        null
      ],
      "C:/Users/Taylor/Documents/Ruby/TREC-System/app/helpers/sessions_helper.rb": [
        1,
        null,
        null,
        1,
        0,
        null,
        null,
        null,
        1,
        0,
        null,
        null,
        null,
        1,
        0,
        null,
        null,
        null,
        1,
        0,
        0,
        null,
        null
      ],
      "C:/Users/Taylor/Documents/Ruby/TREC-System/app/helpers/sponsors_helper.rb": [
        1,
        null
      ],
      "C:/Users/Taylor/Documents/Ruby/TREC-System/app/helpers/teams_helper.rb": [
        1,
        null
      ],
      "C:/Users/Taylor/Documents/Ruby/TREC-System/app/helpers/welcome_helper.rb": [
        1,
        null
      ],
      "C:/Users/Taylor/Documents/Ruby/TREC-System/app/controllers/teams_controller.rb": [
        1,
        1,
        null,
        null,
        null,
        1,
        1,
        null,
        null,
        null,
        null,
        1,
        null,
        null,
        null,
        1,
        1,
        null,
        null,
        null,
        1,
        null,
        null,
        null,
        null,
        1,
        5,
        null,
        null,
        null,
        null,
        null,
        null,
        null,
        null,
        null,
        null,
        null,
        null,
        null,
        null,
        null,
        null,
        5,
        5,
        6,
        3,
        null,
        4,
        2,
        null,
        null,
        null,
        null,
        null,
        null,
        1,
        5,
        5,
        6,
        3,
        null,
        4,
        2,
        null,
        null,
        null,
        null,
        null,
        null,
        1,
        2,
        2,
        4,
        2,
        null,
        null,
        null,
        1,
        null,
        1,
        9,
        null,
        null,
        null,
        1,
        10,
        null,
        null
      ],
      "C:/Users/Taylor/Documents/Ruby/TREC-System/app/controllers/application_controller.rb": [
        1,
        null,
        null,
        1,
        1,
        null
      ],
      "C:/Users/Taylor/Documents/Ruby/TREC-System/app/models/conference.rb": [
        1,
        1,
        1,
        null
      ],
      "C:/Users/Taylor/Documents/Ruby/TREC-System/app/models/team.rb": [
        1,
        1,
        1,
        null,
        1,
        null,
        null,
        null
      ]
    },
    "timestamp": 1428353968
  }
}
